<?xml version="1.0" encoding="UTF-8"?>
<testsuite xmlns:xsi="http://www.w3.org/2001/XMLSchema-instance" xsi:noNamespaceSchemaLocation="https://maven.apache.org/surefire/maven-surefire-plugin/xsd/surefire-test-report-3.0.xsd" version="3.0" name="io.quarkus.test.custom.provider.test.CustomProviderDevModeTest" time="13.616" tests="1" errors="0" skipped="0" failures="0">
  <properties>
    <property name="java.specification.version" value="17"/>
    <property name="sun.jnu.encoding" value="UTF-8"/>
    <property name="java.class.path" value="/home/mvavrik/Downloads/tmp/oidc-provider-extension/custom-provider/deployment/target/test-classes:/home/mvavrik/Downloads/tmp/oidc-provider-extension/custom-provider/deployment/target/classes:/home/mvavrik/.m2/repository/io/quarkus/quarkus-arc-deployment/999-SNAPSHOT/quarkus-arc-deployment-999-SNAPSHOT.jar:/home/mvavrik/.m2/repository/io/quarkus/quarkus-core-deployment/999-SNAPSHOT/quarkus-core-deployment-999-SNAPSHOT.jar:/home/mvavrik/.m2/repository/org/aesh/readline/2.4/readline-2.4.jar:/home/mvavrik/.m2/repository/org/fusesource/jansi/jansi/2.4.0/jansi-2.4.0.jar:/home/mvavrik/.m2/repository/org/aesh/aesh/2.7/aesh-2.7.jar:/home/mvavrik/.m2/repository/org/apache/commons/commons-lang3/3.12.0/commons-lang3-3.12.0.jar:/home/mvavrik/.m2/repository/org/wildfly/common/wildfly-common/1.5.4.Final-format-001/wildfly-common-1.5.4.Final-format-001.jar:/home/mvavrik/.m2/repository/io/quarkus/gizmo/gizmo/1.6.1.Final/gizmo-1.6.1.Final.jar:/home/mvavrik/.m2/repository/org/ow2/asm/asm-util/9.5/asm-util-9.5.jar:/home/mvavrik/.m2/repository/org/ow2/asm/asm-analysis/9.5/asm-analysis-9.5.jar:/home/mvavrik/.m2/repository/io/smallrye/jandex/3.1.2/jandex-3.1.2.jar:/home/mvavrik/.m2/repository/org/ow2/asm/asm/9.5/asm-9.5.jar:/home/mvavrik/.m2/repository/org/ow2/asm/asm-commons/9.5/asm-commons-9.5.jar:/home/mvavrik/.m2/repository/org/ow2/asm/asm-tree/9.5/asm-tree-9.5.jar:/home/mvavrik/.m2/repository/io/quarkus/quarkus-development-mode-spi/999-SNAPSHOT/quarkus-development-mode-spi-999-SNAPSHOT.jar:/home/mvavrik/.m2/repository/io/quarkus/quarkus-class-change-agent/999-SNAPSHOT/quarkus-class-change-agent-999-SNAPSHOT.jar:/home/mvavrik/.m2/repository/io/quarkus/quarkus-bootstrap-core/999-SNAPSHOT/quarkus-bootstrap-core-999-SNAPSHOT.jar:/home/mvavrik/.m2/repository/io/quarkus/quarkus-bootstrap-app-model/999-SNAPSHOT/quarkus-bootstrap-app-model-999-SNAPSHOT.jar:/home/mvavrik/.m2/repository/io/smallrye/common/smallrye-common-io/2.1.0/smallrye-common-io-2.1.0.jar:/home/mvavrik/.m2/repository/org/eclipse/sisu/org.eclipse.sisu.inject/0.3.5/org.eclipse.sisu.inject-0.3.5.jar:/home/mvavrik/.m2/repository/io/quarkus/quarkus-builder/999-SNAPSHOT/quarkus-builder-999-SNAPSHOT.jar:/home/mvavrik/.m2/repository/org/graalvm/sdk/graal-sdk/22.3.2/graal-sdk-22.3.2.jar:/home/mvavrik/.m2/repository/org/junit/platform/junit-platform-launcher/1.9.3/junit-platform-launcher-1.9.3.jar:/home/mvavrik/.m2/repository/org/junit/jupiter/junit-jupiter/5.9.3/junit-jupiter-5.9.3.jar:/home/mvavrik/.m2/repository/io/quarkus/quarkus-smallrye-context-propagation-spi/999-SNAPSHOT/quarkus-smallrye-context-propagation-spi-999-SNAPSHOT.jar:/home/mvavrik/.m2/repository/org/eclipse/microprofile/context-propagation/microprofile-context-propagation-api/1.3/microprofile-context-propagation-api-1.3.jar:/home/mvavrik/.m2/repository/io/quarkus/quarkus-vertx-http-dev-console-spi/999-SNAPSHOT/quarkus-vertx-http-dev-console-spi-999-SNAPSHOT.jar:/home/mvavrik/.m2/repository/io/quarkus/quarkus-vertx-http-dev-console-runtime-spi/999-SNAPSHOT/quarkus-vertx-http-dev-console-runtime-spi-999-SNAPSHOT.jar:/home/mvavrik/.m2/repository/io/quarkus/arc/arc/999-SNAPSHOT/arc-999-SNAPSHOT.jar:/home/mvavrik/.m2/repository/jakarta/transaction/jakarta.transaction-api/2.0.1/jakarta.transaction-api-2.0.1.jar:/home/mvavrik/.m2/repository/io/smallrye/reactive/mutiny/2.3.1/mutiny-2.3.1.jar:/home/mvavrik/.m2/repository/io/vertx/vertx-web/4.4.4/vertx-web-4.4.4.jar:/home/mvavrik/.m2/repository/io/vertx/vertx-web-common/4.4.4/vertx-web-common-4.4.4.jar:/home/mvavrik/.m2/repository/io/vertx/vertx-auth-common/4.4.4/vertx-auth-common-4.4.4.jar:/home/mvavrik/.m2/repository/io/vertx/vertx-bridge-common/4.4.4/vertx-bridge-common-4.4.4.jar:/home/mvavrik/.m2/repository/io/vertx/vertx-core/4.4.4/vertx-core-4.4.4.jar:/home/mvavrik/.m2/repository/io/netty/netty-common/4.1.94.Final/netty-common-4.1.94.Final.jar:/home/mvavrik/.m2/repository/io/netty/netty-buffer/4.1.94.Final/netty-buffer-4.1.94.Final.jar:/home/mvavrik/.m2/repository/io/netty/netty-transport/4.1.94.Final/netty-transport-4.1.94.Final.jar:/home/mvavrik/.m2/repository/io/netty/netty-handler/4.1.94.Final/netty-handler-4.1.94.Final.jar:/home/mvavrik/.m2/repository/io/netty/netty-transport-native-unix-common/4.1.94.Final/netty-transport-native-unix-common-4.1.94.Final.jar:/home/mvavrik/.m2/repository/io/netty/netty-handler-proxy/4.1.94.Final/netty-handler-proxy-4.1.94.Final.jar:/home/mvavrik/.m2/repository/io/netty/netty-codec-socks/4.1.94.Final/netty-codec-socks-4.1.94.Final.jar:/home/mvavrik/.m2/repository/io/netty/netty-codec-http/4.1.94.Final/netty-codec-http-4.1.94.Final.jar:/home/mvavrik/.m2/repository/io/netty/netty-codec-http2/4.1.94.Final/netty-codec-http2-4.1.94.Final.jar:/home/mvavrik/.m2/repository/io/netty/netty-resolver/4.1.94.Final/netty-resolver-4.1.94.Final.jar:/home/mvavrik/.m2/repository/io/netty/netty-resolver-dns/4.1.94.Final/netty-resolver-dns-4.1.94.Final.jar:/home/mvavrik/.m2/repository/io/netty/netty-codec-dns/4.1.94.Final/netty-codec-dns-4.1.94.Final.jar:/home/mvavrik/.m2/repository/io/quarkus/quarkus-vertx-http-dev-ui-spi/999-SNAPSHOT/quarkus-vertx-http-dev-ui-spi-999-SNAPSHOT.jar:/home/mvavrik/.m2/repository/io/quarkus/quarkus-arc/999-SNAPSHOT/quarkus-arc-999-SNAPSHOT.jar:/home/mvavrik/.m2/repository/io/quarkus/arc/arc-processor/999-SNAPSHOT/arc-processor-999-SNAPSHOT.jar:/home/mvavrik/.m2/repository/org/jboss/logging/jboss-logging/3.5.1.Final/jboss-logging-3.5.1.Final.jar:/home/mvavrik/.m2/repository/jakarta/annotation/jakarta.annotation-api/2.1.1/jakarta.annotation-api-2.1.1.jar:/home/mvavrik/.m2/repository/io/quarkus/quarkus-oidc-deployment/999-SNAPSHOT/quarkus-oidc-deployment-999-SNAPSHOT.jar:/home/mvavrik/.m2/repository/io/quarkus/quarkus-vertx-http-deployment/999-SNAPSHOT/quarkus-vertx-http-deployment-999-SNAPSHOT.jar:/home/mvavrik/.m2/repository/io/quarkus/quarkus-vertx-http/999-SNAPSHOT/quarkus-vertx-http-999-SNAPSHOT.jar:/home/mvavrik/.m2/repository/io/quarkus/quarkus-credentials/999-SNAPSHOT/quarkus-credentials-999-SNAPSHOT.jar:/home/mvavrik/.m2/repository/io/quarkus/quarkus-mutiny/999-SNAPSHOT/quarkus-mutiny-999-SNAPSHOT.jar:/home/mvavrik/.m2/repository/io/quarkus/quarkus-smallrye-context-propagation/999-SNAPSHOT/quarkus-smallrye-context-propagation-999-SNAPSHOT.jar:/home/mvavrik/.m2/repository/io/smallrye/smallrye-context-propagation/2.1.0/smallrye-context-propagation-2.1.0.jar:/home/mvavrik/.m2/repository/io/smallrye/smallrye-context-propagation-api/2.1.0/smallrye-context-propagation-api-2.1.0.jar:/home/mvavrik/.m2/repository/io/smallrye/smallrye-context-propagation-storage/2.1.0/smallrye-context-propagation-storage-2.1.0.jar:/home/mvavrik/.m2/repository/io/smallrye/reactive/mutiny-smallrye-context-propagation/2.3.1/mutiny-smallrye-context-propagation-2.3.1.jar:/home/mvavrik/.m2/repository/io/smallrye/common/smallrye-common-vertx-context/2.1.0/smallrye-common-vertx-context-2.1.0.jar:/home/mvavrik/.m2/repository/io/smallrye/common/smallrye-common-constraint/2.1.0/smallrye-common-constraint-2.1.0.jar:/home/mvavrik/.m2/repository/io/quarkus/security/quarkus-security/2.0.2.Final/quarkus-security-2.0.2.Final.jar:/home/mvavrik/.m2/repository/io/smallrye/reactive/smallrye-mutiny-vertx-web/3.5.0/smallrye-mutiny-vertx-web-3.5.0.jar:/home/mvavrik/.m2/repository/io/smallrye/reactive/smallrye-mutiny-vertx-web-common/3.5.0/smallrye-mutiny-vertx-web-common-3.5.0.jar:/home/mvavrik/.m2/repository/io/smallrye/reactive/smallrye-mutiny-vertx-auth-common/3.5.0/smallrye-mutiny-vertx-auth-common-3.5.0.jar:/home/mvavrik/.m2/repository/io/smallrye/reactive/smallrye-mutiny-vertx-bridge-common/3.5.0/smallrye-mutiny-vertx-bridge-common-3.5.0.jar:/home/mvavrik/.m2/repository/io/smallrye/reactive/smallrye-mutiny-vertx-uri-template/3.5.0/smallrye-mutiny-vertx-uri-template-3.5.0.jar:/home/mvavrik/.m2/repository/io/vertx/vertx-uri-template/4.4.4/vertx-uri-template-4.4.4.jar:/home/mvavrik/.m2/repository/io/github/crac/org-crac/0.1.3/org-crac-0.1.3.jar:/home/mvavrik/.m2/repository/io/quarkus/quarkus-vertx-http-deployment-spi/999-SNAPSHOT/quarkus-vertx-http-deployment-spi-999-SNAPSHOT.jar:/home/mvavrik/.m2/repository/io/quarkus/quarkus-mutiny-deployment/999-SNAPSHOT/quarkus-mutiny-deployment-999-SNAPSHOT.jar:/home/mvavrik/.m2/repository/io/quarkus/quarkus-smallrye-context-propagation-deployment/999-SNAPSHOT/quarkus-smallrye-context-propagation-deployment-999-SNAPSHOT.jar:/home/mvavrik/.m2/repository/io/quarkus/quarkus-kubernetes-spi/999-SNAPSHOT/quarkus-kubernetes-spi-999-SNAPSHOT.jar:/home/mvavrik/.m2/repository/io/quarkus/quarkus-vertx-http-dev-ui-resources/999-SNAPSHOT/quarkus-vertx-http-dev-ui-resources-999-SNAPSHOT.jar:/home/mvavrik/.m2/repository/org/mvnpm/at/vaadin/router/1.7.5/router-1.7.5.jar:/home/mvavrik/.m2/repository/org/mvnpm/path-to-regexp/2.4.0/path-to-regexp-2.4.0.jar:/home/mvavrik/.m2/repository/org/mvnpm/at/vaadin/app-layout/24.1.3/app-layout-24.1.3.jar:/home/mvavrik/.m2/repository/org/mvnpm/at/vaadin/a11y-base/24.1.3/a11y-base-24.1.3.jar:/home/mvavrik/.m2/repository/org/mvnpm/at/vaadin/avatar-group/24.1.3/avatar-group-24.1.3.jar:/home/mvavrik/.m2/repository/org/mvnpm/at/vaadin/icons/24.1.3/icons-24.1.3.jar:/home/mvavrik/.m2/repository/org/mvnpm/at/vaadin/login/24.1.3/login-24.1.3.jar:/home/mvavrik/.m2/repository/org/mvnpm/at/vaadin/integer-field/24.1.3/integer-field-24.1.3.jar:/home/mvavrik/.m2/repository/org/mvnpm/at/vaadin/accordion/24.1.3/accordion-24.1.3.jar:/home/mvavrik/.m2/repository/org/mvnpm/at/vaadin/avatar/24.1.3/avatar-24.1.3.jar:/home/mvavrik/.m2/repository/org/mvnpm/at/vaadin/horizontal-layout/24.1.3/horizontal-layout-24.1.3.jar:/home/mvavrik/.m2/repository/org/mvnpm/at/vaadin/button/24.1.3/button-24.1.3.jar:/home/mvavrik/.m2/repository/org/mvnpm/at/vaadin/combo-box/24.1.3/combo-box-24.1.3.jar:/home/mvavrik/.m2/repository/org/mvnpm/at/vaadin/confirm-dialog/24.1.3/confirm-dialog-24.1.3.jar:/home/mvavrik/.m2/repository/org/mvnpm/at/vaadin/checkbox/24.1.3/checkbox-24.1.3.jar:/home/mvavrik/.m2/repository/org/mvnpm/at/vaadin/checkbox-group/24.1.3/checkbox-group-24.1.3.jar:/home/mvavrik/.m2/repository/org/mvnpm/at/vaadin/component-base/24.1.3/component-base-24.1.3.jar:/home/mvavrik/.m2/repository/org/mvnpm/at/vaadin/context-menu/24.1.3/context-menu-24.1.3.jar:/home/mvavrik/.m2/repository/org/mvnpm/at/vaadin/custom-field/24.1.3/custom-field-24.1.3.jar:/home/mvavrik/.m2/repository/org/mvnpm/at/vaadin/date-picker/24.1.3/date-picker-24.1.3.jar:/home/mvavrik/.m2/repository/org/mvnpm/at/vaadin/date-time-picker/24.1.3/date-time-picker-24.1.3.jar:/home/mvavrik/.m2/repository/org/mvnpm/at/vaadin/time-picker/24.1.3/time-picker-24.1.3.jar:/home/mvavrik/.m2/repository/org/mvnpm/at/vaadin/details/24.1.3/details-24.1.3.jar:/home/mvavrik/.m2/repository/org/mvnpm/at/vaadin/dialog/24.1.3/dialog-24.1.3.jar:/home/mvavrik/.m2/repository/org/mvnpm/at/vaadin/email-field/24.1.3/email-field-24.1.3.jar:/home/mvavrik/.m2/repository/org/mvnpm/at/vaadin/password-field/24.1.3/password-field-24.1.3.jar:/home/mvavrik/.m2/repository/org/mvnpm/at/vaadin/number-field/24.1.3/number-field-24.1.3.jar:/home/mvavrik/.m2/repository/org/mvnpm/at/vaadin/field-base/24.1.3/field-base-24.1.3.jar:/home/mvavrik/.m2/repository/org/mvnpm/at/vaadin/grid/24.1.3/grid-24.1.3.jar:/home/mvavrik/.m2/repository/org/mvnpm/at/vaadin/input-container/24.1.3/input-container-24.1.3.jar:/home/mvavrik/.m2/repository/org/mvnpm/at/vaadin/item/24.1.3/item-24.1.3.jar:/home/mvavrik/.m2/repository/org/mvnpm/at/vaadin/list-box/24.1.3/list-box-24.1.3.jar:/home/mvavrik/.m2/repository/org/mvnpm/at/vaadin/lit-renderer/24.1.3/lit-renderer-24.1.3.jar:/home/mvavrik/.m2/repository/org/mvnpm/at/vaadin/menu-bar/24.1.3/menu-bar-24.1.3.jar:/home/mvavrik/.m2/repository/org/mvnpm/at/vaadin/message-list/24.1.3/message-list-24.1.3.jar:/home/mvavrik/.m2/repository/org/mvnpm/at/vaadin/message-input/24.1.3/message-input-24.1.3.jar:/home/mvavrik/.m2/repository/org/mvnpm/at/vaadin/multi-select-combo-box/24.1.3/multi-select-combo-box-24.1.3.jar:/home/mvavrik/.m2/repository/org/mvnpm/at/vaadin/radio-group/24.1.3/radio-group-24.1.3.jar:/home/mvavrik/.m2/repository/org/mvnpm/at/vaadin/overlay/24.1.3/overlay-24.1.3.jar:/home/mvavrik/.m2/repository/org/mvnpm/at/vaadin/progress-bar/24.1.3/progress-bar-24.1.3.jar:/home/mvavrik/.m2/repository/org/mvnpm/at/vaadin/split-layout/24.1.3/split-layout-24.1.3.jar:/home/mvavrik/.m2/repository/org/mvnpm/at/vaadin/text-area/24.1.3/text-area-24.1.3.jar:/home/mvavrik/.m2/repository/org/mvnpm/at/vaadin/tooltip/24.1.3/tooltip-24.1.3.jar:/home/mvavrik/.m2/repository/org/mvnpm/at/vaadin/vaadin-material-styles/24.1.3/vaadin-material-styles-24.1.3.jar:/home/mvavrik/.m2/repository/org/mvnpm/at/vaadin/vaadin-themable-mixin/24.1.3/vaadin-themable-mixin-24.1.3.jar:/home/mvavrik/.m2/repository/org/mvnpm/at/vaadin/vertical-layout/24.1.3/vertical-layout-24.1.3.jar:/home/mvavrik/.m2/repository/org/mvnpm/at/vaadin/tabs/24.1.3/tabs-24.1.3.jar:/home/mvavrik/.m2/repository/org/mvnpm/at/vaadin/scroller/24.1.3/scroller-24.1.3.jar:/home/mvavrik/.m2/repository/org/mvnpm/at/vaadin/text-field/24.1.3/text-field-24.1.3.jar:/home/mvavrik/.m2/repository/org/mvnpm/at/vaadin/form-layout/24.1.3/form-layout-24.1.3.jar:/home/mvavrik/.m2/repository/org/mvnpm/at/vaadin/tabsheet/24.1.3/tabsheet-24.1.3.jar:/home/mvavrik/.m2/repository/org/mvnpm/at/vaadin/select/24.1.3/select-24.1.3.jar:/home/mvavrik/.m2/repository/org/mvnpm/at/vaadin/notification/24.1.3/notification-24.1.3.jar:/home/mvavrik/.m2/repository/org/mvnpm/at/vaadin/upload/24.1.3/upload-24.1.3.jar:/home/mvavrik/.m2/repository/org/mvnpm/at/vaadin/virtual-list/24.1.3/virtual-list-24.1.3.jar:/home/mvavrik/.m2/repository/org/mvnpm/at/vaadin/icon/24.1.3/icon-24.1.3.jar:/home/mvavrik/.m2/repository/org/mvnpm/at/vaadin/vaadin-lumo-styles/24.1.3/vaadin-lumo-styles-24.1.3.jar:/home/mvavrik/.m2/repository/org/mvnpm/at/vaadin/vaadin-usage-statistics/2.1.2/vaadin-usage-statistics-2.1.2.jar:/home/mvavrik/.m2/repository/org/mvnpm/at/vaadin/vaadin-development-mode-detector/2.0.6/vaadin-development-mode-detector-2.0.6.jar:/home/mvavrik/.m2/repository/org/mvnpm/at/polymer/polymer/3.5.1/polymer-3.5.1.jar:/home/mvavrik/.m2/repository/org/mvnpm/at/webcomponents/shadycss/1.11.2/shadycss-1.11.2.jar:/home/mvavrik/.m2/repository/org/mvnpm/at/open-wc/dedupe-mixin/1.3.1/dedupe-mixin-1.3.1.jar:/home/mvavrik/.m2/repository/org/mvnpm/lit/2.7.6/lit-2.7.6.jar:/home/mvavrik/.m2/repository/org/mvnpm/at/lit/reactive-element/1.6.2/reactive-element-1.6.2.jar:/home/mvavrik/.m2/repository/org/mvnpm/lit-element/3.3.2/lit-element-3.3.2.jar:/home/mvavrik/.m2/repository/org/mvnpm/lit-html/2.7.5/lit-html-2.7.5.jar:/home/mvavrik/.m2/repository/org/mvnpm/at/lit-labs/ssr-dom-shim/1.1.1/ssr-dom-shim-1.1.1.jar:/home/mvavrik/.m2/repository/org/mvnpm/at/types/trusted-types/2.0.3/trusted-types-2.0.3.jar:/home/mvavrik/.m2/repository/org/mvnpm/lit-element-state/1.7.0/lit-element-state-1.7.0.jar:/home/mvavrik/.m2/repository/org/mvnpm/echarts/5.4.2/echarts-5.4.2.jar:/home/mvavrik/.m2/repository/org/mvnpm/tslib/2.3.0/tslib-2.3.0.jar:/home/mvavrik/.m2/repository/org/mvnpm/zrender/5.4.3/zrender-5.4.3.jar:/home/mvavrik/.m2/repository/org/mvnpm/at/vanillawc/wc-codemirror/2.1.0/wc-codemirror-2.1.0.jar:/home/mvavrik/.m2/repository/org/mvnpm/es-module-shims/1.7.3/es-module-shims-1.7.3.jar:/home/mvavrik/.m2/repository/org/mvnpm/importmap/1.0.8/importmap-1.0.8.jar:/home/mvavrik/.m2/repository/io/quarkus/qute/qute-core/999-SNAPSHOT/qute-core-999-SNAPSHOT.jar:/home/mvavrik/.m2/repository/org/yaml/snakeyaml/2.0/snakeyaml-2.0.jar:/home/mvavrik/.m2/repository/com/fasterxml/jackson/core/jackson-databind/2.15.2/jackson-databind-2.15.2.jar:/home/mvavrik/.m2/repository/com/fasterxml/jackson/core/jackson-annotations/2.15.2/jackson-annotations-2.15.2.jar:/home/mvavrik/.m2/repository/io/quarkus/quarkus-vertx-deployment/999-SNAPSHOT/quarkus-vertx-deployment-999-SNAPSHOT.jar:/home/mvavrik/.m2/repository/io/quarkus/quarkus-netty-deployment/999-SNAPSHOT/quarkus-netty-deployment-999-SNAPSHOT.jar:/home/mvavrik/.m2/repository/io/quarkus/quarkus-netty/999-SNAPSHOT/quarkus-netty-999-SNAPSHOT.jar:/home/mvavrik/.m2/repository/io/netty/netty-codec/4.1.94.Final/netty-codec-4.1.94.Final.jar:/home/mvavrik/.m2/repository/com/aayushatharva/brotli4j/brotli4j/1.12.0/brotli4j-1.12.0.jar:/home/mvavrik/.m2/repository/com/aayushatharva/brotli4j/service/1.12.0/service-1.12.0.jar:/home/mvavrik/.m2/repository/com/aayushatharva/brotli4j/native-linux-x86_64/1.12.0/native-linux-x86_64-1.12.0.jar:/home/mvavrik/.m2/repository/io/quarkus/quarkus-vertx/999-SNAPSHOT/quarkus-vertx-999-SNAPSHOT.jar:/home/mvavrik/.m2/repository/io/netty/netty-codec-haproxy/4.1.94.Final/netty-codec-haproxy-4.1.94.Final.jar:/home/mvavrik/.m2/repository/io/smallrye/common/smallrye-common-annotation/2.1.0/smallrye-common-annotation-2.1.0.jar:/home/mvavrik/.m2/repository/io/quarkus/quarkus-vertx-latebound-mdc-provider/999-SNAPSHOT/quarkus-vertx-latebound-mdc-provider-999-SNAPSHOT.jar:/home/mvavrik/.m2/repository/io/smallrye/reactive/smallrye-mutiny-vertx-core/3.5.0/smallrye-mutiny-vertx-core-3.5.0.jar:/home/mvavrik/.m2/repository/io/smallrye/reactive/smallrye-mutiny-vertx-runtime/3.5.0/smallrye-mutiny-vertx-runtime-3.5.0.jar:/home/mvavrik/.m2/repository/io/smallrye/reactive/vertx-mutiny-generator/3.5.0/vertx-mutiny-generator-3.5.0.jar:/home/mvavrik/.m2/repository/io/vertx/vertx-codegen/4.4.4/vertx-codegen-4.4.4.jar:/home/mvavrik/.m2/repository/io/smallrye/smallrye-fault-tolerance-vertx/6.2.4/smallrye-fault-tolerance-vertx-6.2.4.jar:/home/mvavrik/.m2/repository/io/quarkus/quarkus-oidc/999-SNAPSHOT/quarkus-oidc-999-SNAPSHOT.jar:/home/mvavrik/.m2/repository/io/quarkus/quarkus-security/999-SNAPSHOT/quarkus-security-999-SNAPSHOT.jar:/home/mvavrik/.m2/repository/io/quarkus/quarkus-jsonp/999-SNAPSHOT/quarkus-jsonp-999-SNAPSHOT.jar:/home/mvavrik/.m2/repository/org/eclipse/parsson/parsson/1.1.2/parsson-1.1.2.jar:/home/mvavrik/.m2/repository/jakarta/json/jakarta.json-api/2.1.2/jakarta.json-api-2.1.2.jar:/home/mvavrik/.m2/repository/io/quarkus/quarkus-oidc-common/999-SNAPSHOT/quarkus-oidc-common-999-SNAPSHOT.jar:/home/mvavrik/.m2/repository/io/smallrye/reactive/smallrye-mutiny-vertx-web-client/3.5.0/smallrye-mutiny-vertx-web-client-3.5.0.jar:/home/mvavrik/.m2/repository/io/vertx/vertx-web-client/4.4.4/vertx-web-client-4.4.4.jar:/home/mvavrik/.m2/repository/io/quarkus/quarkus-smallrye-jwt-build/999-SNAPSHOT/quarkus-smallrye-jwt-build-999-SNAPSHOT.jar:/home/mvavrik/.m2/repository/io/smallrye/smallrye-jwt-build/4.3.0/smallrye-jwt-build-4.3.0.jar:/home/mvavrik/.m2/repository/io/smallrye/smallrye-jwt/4.3.0/smallrye-jwt-4.3.0.jar:/home/mvavrik/.m2/repository/org/eclipse/microprofile/config/microprofile-config-api/3.0.3/microprofile-config-api-3.0.3.jar:/home/mvavrik/.m2/repository/org/eclipse/microprofile/jwt/microprofile-jwt-auth-api/2.1/microprofile-jwt-auth-api-2.1.jar:/home/mvavrik/.m2/repository/org/bitbucket/b_c/jose4j/0.9.3/jose4j-0.9.3.jar:/home/mvavrik/.m2/repository/io/smallrye/smallrye-jwt-common/4.3.0/smallrye-jwt-common-4.3.0.jar:/home/mvavrik/.m2/repository/io/quarkus/quarkus-oidc-common-deployment/999-SNAPSHOT/quarkus-oidc-common-deployment-999-SNAPSHOT.jar:/home/mvavrik/.m2/repository/io/quarkus/quarkus-credentials-deployment/999-SNAPSHOT/quarkus-credentials-deployment-999-SNAPSHOT.jar:/home/mvavrik/.m2/repository/io/quarkus/quarkus-smallrye-jwt-build-deployment/999-SNAPSHOT/quarkus-smallrye-jwt-build-deployment-999-SNAPSHOT.jar:/home/mvavrik/.m2/repository/io/quarkus/quarkus-security-deployment/999-SNAPSHOT/quarkus-security-deployment-999-SNAPSHOT.jar:/home/mvavrik/.m2/repository/io/quarkus/quarkus-security-runtime-spi/999-SNAPSHOT/quarkus-security-runtime-spi-999-SNAPSHOT.jar:/home/mvavrik/.m2/repository/io/quarkus/quarkus-security-spi/999-SNAPSHOT/quarkus-security-spi-999-SNAPSHOT.jar:/home/mvavrik/.m2/repository/io/quarkus/quarkus-devservices-deployment/999-SNAPSHOT/quarkus-devservices-deployment-999-SNAPSHOT.jar:/home/mvavrik/.m2/repository/io/quarkus/quarkus-devservices-common/999-SNAPSHOT/quarkus-devservices-common-999-SNAPSHOT.jar:/home/mvavrik/.m2/repository/io/quarkus/quarkus-jsonp-deployment/999-SNAPSHOT/quarkus-jsonp-deployment-999-SNAPSHOT.jar:/home/mvavrik/.m2/repository/org/keycloak/keycloak-core/22.0.0/keycloak-core-22.0.0.jar:/home/mvavrik/.m2/repository/org/keycloak/keycloak-common/22.0.0/keycloak-common-22.0.0.jar:/home/mvavrik/.m2/repository/com/fasterxml/jackson/core/jackson-core/2.15.2/jackson-core-2.15.2.jar:/home/mvavrik/.m2/repository/org/eclipse/angus/angus-activation/2.0.1/angus-activation-2.0.1.jar:/home/mvavrik/.m2/repository/jakarta/activation/jakarta.activation-api/2.1.2/jakarta.activation-api-2.1.2.jar:/home/mvavrik/.m2/repository/org/testcontainers/testcontainers/1.18.3/testcontainers-1.18.3.jar:/home/mvavrik/.m2/repository/org/slf4j/slf4j-api/2.0.6/slf4j-api-2.0.6.jar:/home/mvavrik/.m2/repository/org/apache/commons/commons-compress/1.23.0/commons-compress-1.23.0.jar:/home/mvavrik/.m2/repository/org/rnorth/duct-tape/duct-tape/1.0.8/duct-tape-1.0.8.jar:/home/mvavrik/.m2/repository/org/jetbrains/annotations/24.0.1/annotations-24.0.1.jar:/home/mvavrik/.m2/repository/com/github/docker-java/docker-java-api/3.3.0/docker-java-api-3.3.0.jar:/home/mvavrik/.m2/repository/com/github/docker-java/docker-java-transport-zerodep/3.3.0/docker-java-transport-zerodep-3.3.0.jar:/home/mvavrik/.m2/repository/com/github/docker-java/docker-java-transport/3.3.0/docker-java-transport-3.3.0.jar:/home/mvavrik/.m2/repository/net/java/dev/jna/jna/5.8.0/jna-5.8.0.jar:/home/mvavrik/.m2/repository/io/quarkus/quarkus-junit4-mock/999-SNAPSHOT/quarkus-junit4-mock-999-SNAPSHOT.jar:/home/mvavrik/Downloads/tmp/oidc-provider-extension/custom-provider/runtime/target/custom-provider-1.0.0-SNAPSHOT.jar:/home/mvavrik/.m2/repository/io/quarkus/quarkus-junit5-internal/999-SNAPSHOT/quarkus-junit5-internal-999-SNAPSHOT.jar:/home/mvavrik/.m2/repository/org/jboss/shrinkwrap/shrinkwrap-api/1.2.6/shrinkwrap-api-1.2.6.jar:/home/mvavrik/.m2/repository/org/jboss/shrinkwrap/shrinkwrap-spi/1.2.6/shrinkwrap-spi-1.2.6.jar:/home/mvavrik/.m2/repository/org/jboss/shrinkwrap/shrinkwrap-impl-base/1.2.6/shrinkwrap-impl-base-1.2.6.jar:/home/mvavrik/.m2/repository/org/junit/jupiter/junit-jupiter-api/5.9.3/junit-jupiter-api-5.9.3.jar:/home/mvavrik/.m2/repository/org/opentest4j/opentest4j/1.2.0/opentest4j-1.2.0.jar:/home/mvavrik/.m2/repository/org/junit/platform/junit-platform-commons/1.9.3/junit-platform-commons-1.9.3.jar:/home/mvavrik/.m2/repository/org/apiguardian/apiguardian-api/1.1.2/apiguardian-api-1.1.2.jar:/home/mvavrik/.m2/repository/org/junit/jupiter/junit-jupiter-params/5.9.3/junit-jupiter-params-5.9.3.jar:/home/mvavrik/.m2/repository/org/junit/jupiter/junit-jupiter-engine/5.9.3/junit-jupiter-engine-5.9.3.jar:/home/mvavrik/.m2/repository/org/junit/platform/junit-platform-engine/1.9.3/junit-platform-engine-1.9.3.jar:/home/mvavrik/.m2/repository/io/quarkus/quarkus-core/999-SNAPSHOT/quarkus-core-999-SNAPSHOT.jar:/home/mvavrik/.m2/repository/jakarta/inject/jakarta.inject-api/2.0.1/jakarta.inject-api-2.0.1.jar:/home/mvavrik/.m2/repository/io/smallrye/common/smallrye-common-os/2.1.0/smallrye-common-os-2.1.0.jar:/home/mvavrik/.m2/repository/io/quarkus/quarkus-ide-launcher/999-SNAPSHOT/quarkus-ide-launcher-999-SNAPSHOT.jar:/home/mvavrik/.m2/repository/io/smallrye/config/smallrye-config/3.3.0/smallrye-config-3.3.0.jar:/home/mvavrik/.m2/repository/io/smallrye/config/smallrye-config-core/3.3.0/smallrye-config-core-3.3.0.jar:/home/mvavrik/.m2/repository/io/smallrye/common/smallrye-common-expression/2.1.0/smallrye-common-expression-2.1.0.jar:/home/mvavrik/.m2/repository/io/smallrye/common/smallrye-common-function/2.1.0/smallrye-common-function-2.1.0.jar:/home/mvavrik/.m2/repository/io/smallrye/common/smallrye-common-classloader/2.1.0/smallrye-common-classloader-2.1.0.jar:/home/mvavrik/.m2/repository/io/smallrye/config/smallrye-config-common/3.3.0/smallrye-config-common-3.3.0.jar:/home/mvavrik/.m2/repository/org/jboss/logmanager/jboss-logmanager-embedded/1.1.1/jboss-logmanager-embedded-1.1.1.jar:/home/mvavrik/.m2/repository/org/jboss/logging/jboss-logging-annotations/2.2.1.Final/jboss-logging-annotations-2.2.1.Final.jar:/home/mvavrik/.m2/repository/org/jboss/threads/jboss-threads/3.5.0.Final/jboss-threads-3.5.0.Final.jar:/home/mvavrik/.m2/repository/org/jboss/slf4j/slf4j-jboss-logmanager/2.0.0.Final/slf4j-jboss-logmanager-2.0.0.Final.jar:/home/mvavrik/.m2/repository/io/quarkus/quarkus-bootstrap-runner/999-SNAPSHOT/quarkus-bootstrap-runner-999-SNAPSHOT.jar:/home/mvavrik/.m2/repository/io/quarkus/quarkus-fs-util/0.0.9/quarkus-fs-util-0.0.9.jar:/home/mvavrik/.m2/repository/io/quarkus/quarkus-test-common/999-SNAPSHOT/quarkus-test-common-999-SNAPSHOT.jar:/home/mvavrik/.m2/repository/io/quarkus/quarkus-bootstrap-maven-resolver/999-SNAPSHOT/quarkus-bootstrap-maven-resolver-999-SNAPSHOT.jar:/home/mvavrik/.m2/repository/io/smallrye/beanbag/smallrye-beanbag-maven/1.3.2/smallrye-beanbag-maven-1.3.2.jar:/home/mvavrik/.m2/repository/io/smallrye/beanbag/smallrye-beanbag-sisu/1.3.2/smallrye-beanbag-sisu-1.3.2.jar:/home/mvavrik/.m2/repository/io/smallrye/beanbag/smallrye-beanbag/1.3.2/smallrye-beanbag-1.3.2.jar:/home/mvavrik/.m2/repository/commons-codec/commons-codec/1.16.0/commons-codec-1.16.0.jar:/home/mvavrik/.m2/repository/javax/inject/javax.inject/1/javax.inject-1.jar:/home/mvavrik/.m2/repository/org/apache/httpcomponents/httpclient/4.5.14/httpclient-4.5.14.jar:/home/mvavrik/.m2/repository/org/apache/httpcomponents/httpcore/4.4.16/httpcore-4.4.16.jar:/home/mvavrik/.m2/repository/org/apache/maven/maven-artifact/3.9.3/maven-artifact-3.9.3.jar:/home/mvavrik/.m2/repository/org/apache/maven/maven-builder-support/3.9.3/maven-builder-support-3.9.3.jar:/home/mvavrik/.m2/repository/org/apache/maven/maven-model/3.9.3/maven-model-3.9.3.jar:/home/mvavrik/.m2/repository/org/apache/maven/maven-model-builder/3.9.3/maven-model-builder-3.9.3.jar:/home/mvavrik/.m2/repository/org/apache/maven/maven-repository-metadata/3.9.3/maven-repository-metadata-3.9.3.jar:/home/mvavrik/.m2/repository/org/apache/maven/maven-settings/3.9.3/maven-settings-3.9.3.jar:/home/mvavrik/.m2/repository/org/apache/maven/resolver/maven-resolver-api/1.9.13/maven-resolver-api-1.9.13.jar:/home/mvavrik/.m2/repository/org/apache/maven/resolver/maven-resolver-impl/1.9.13/maven-resolver-impl-1.9.13.jar:/home/mvavrik/.m2/repository/org/apache/maven/resolver/maven-resolver-named-locks/1.9.13/maven-resolver-named-locks-1.9.13.jar:/home/mvavrik/.m2/repository/org/apache/maven/resolver/maven-resolver-spi/1.9.13/maven-resolver-spi-1.9.13.jar:/home/mvavrik/.m2/repository/org/apache/maven/resolver/maven-resolver-util/1.9.13/maven-resolver-util-1.9.13.jar:/home/mvavrik/.m2/repository/org/apache/maven/resolver/maven-resolver-transport-http/1.9.10/maven-resolver-transport-http-1.9.10.jar:/home/mvavrik/.m2/repository/org/apache/maven/wagon/wagon-provider-api/3.5.3/wagon-provider-api-3.5.3.jar:/home/mvavrik/.m2/repository/org/apache/maven/wagon/wagon-http-shared/3.5.3/wagon-http-shared-3.5.3.jar:/home/mvavrik/.m2/repository/org/codehaus/plexus/plexus-interpolation/1.26/plexus-interpolation-1.26.jar:/home/mvavrik/.m2/repository/org/codehaus/plexus/plexus-utils/3.5.1/plexus-utils-3.5.1.jar:/home/mvavrik/.m2/repository/org/codehaus/plexus/plexus-xml/4.0.0/plexus-xml-4.0.0.jar:/home/mvavrik/.m2/repository/org/apache/maven/maven-xml-impl/4.0.0-alpha-5/maven-xml-impl-4.0.0-alpha-5.jar:/home/mvavrik/.m2/repository/org/apache/maven/maven-api-xml/4.0.0-alpha-5/maven-api-xml-4.0.0-alpha-5.jar:/home/mvavrik/.m2/repository/org/apache/maven/maven-api-meta/4.0.0-alpha-5/maven-api-meta-4.0.0-alpha-5.jar:/home/mvavrik/.m2/repository/org/codehaus/plexus/plexus-cipher/2.0/plexus-cipher-2.0.jar:/home/mvavrik/.m2/repository/org/codehaus/plexus/plexus-sec-dispatcher/2.0/plexus-sec-dispatcher-2.0.jar:/home/mvavrik/.m2/repository/org/apache/maven/maven-embedder/3.9.3/maven-embedder-3.9.3.jar:/home/mvavrik/.m2/repository/org/apache/maven/maven-core/3.9.3/maven-core-3.9.3.jar:/home/mvavrik/.m2/repository/org/codehaus/plexus/plexus-component-annotations/2.1.0/plexus-component-annotations-2.1.0.jar:/home/mvavrik/.m2/repository/org/apache/maven/maven-plugin-api/3.9.3/maven-plugin-api-3.9.3.jar:/home/mvavrik/.m2/repository/org/apache/maven/shared/maven-shared-utils/3.3.4/maven-shared-utils-3.3.4.jar:/home/mvavrik/.m2/repository/com/google/inject/guice/5.1.0/guice-5.1.0.jar:/home/mvavrik/.m2/repository/aopalliance/aopalliance/1.0/aopalliance-1.0.jar:/home/mvavrik/.m2/repository/com/google/guava/guava/32.1.1-jre/guava-32.1.1-jre.jar:/home/mvavrik/.m2/repository/com/google/guava/failureaccess/1.0.1/failureaccess-1.0.1.jar:/home/mvavrik/.m2/repository/javax/annotation/javax.annotation-api/1.3.2/javax.annotation-api-1.3.2.jar:/home/mvavrik/.m2/repository/org/codehaus/plexus/plexus-classworlds/2.6.0/plexus-classworlds-2.6.0.jar:/home/mvavrik/.m2/repository/commons-cli/commons-cli/1.5.0/commons-cli-1.5.0.jar:/home/mvavrik/.m2/repository/org/eclipse/sisu/org.eclipse.sisu.plexus/0.3.5/org.eclipse.sisu.plexus-0.3.5.jar:/home/mvavrik/.m2/repository/org/apache/maven/maven-settings-builder/3.9.3/maven-settings-builder-3.9.3.jar:/home/mvavrik/.m2/repository/org/apache/maven/maven-resolver-provider/3.9.3/maven-resolver-provider-3.9.3.jar:/home/mvavrik/.m2/repository/org/apache/maven/resolver/maven-resolver-connector-basic/1.9.13/maven-resolver-connector-basic-1.9.13.jar:/home/mvavrik/.m2/repository/org/apache/maven/resolver/maven-resolver-transport-wagon/1.9.13/maven-resolver-transport-wagon-1.9.13.jar:/home/mvavrik/.m2/repository/org/apache/maven/wagon/wagon-http/3.5.3/wagon-http-3.5.3.jar:/home/mvavrik/.m2/repository/org/apache/maven/wagon/wagon-file/3.5.3/wagon-file-3.5.3.jar:/home/mvavrik/.m2/repository/io/quarkus/quarkus-bootstrap-gradle-resolver/999-SNAPSHOT/quarkus-bootstrap-gradle-resolver-999-SNAPSHOT.jar:/home/mvavrik/.m2/repository/commons-io/commons-io/2.13.0/commons-io-2.13.0.jar:/home/mvavrik/.m2/repository/org/jboss/logging/commons-logging-jboss-logging/1.0.0.Final/commons-logging-jboss-logging-1.0.0.Final.jar:/home/mvavrik/.m2/repository/jakarta/enterprise/jakarta.enterprise.cdi-api/4.0.1/jakarta.enterprise.cdi-api-4.0.1.jar:/home/mvavrik/.m2/repository/jakarta/enterprise/jakarta.enterprise.lang-model/4.0.1/jakarta.enterprise.lang-model-4.0.1.jar:/home/mvavrik/.m2/repository/jakarta/el/jakarta.el-api/5.0.1/jakarta.el-api-5.0.1.jar:/home/mvavrik/.m2/repository/jakarta/interceptor/jakarta.interceptor-api/2.1.0/jakarta.interceptor-api-2.1.0.jar:/home/mvavrik/.m2/repository/io/quarkus/quarkus-devtools-utilities/999-SNAPSHOT/quarkus-devtools-utilities-999-SNAPSHOT.jar:/home/mvavrik/.m2/repository/org/awaitility/awaitility/4.2.0/awaitility-4.2.0.jar:/home/mvavrik/.m2/repository/org/hamcrest/hamcrest/2.1/hamcrest-2.1.jar:"/>
    <property name="java.vm.vendor" value="Eclipse Adoptium"/>
    <property name="sun.arch.data.model" value="64"/>
    <property name="quarkusRegistryClient" value="true"/>
    <property name="java.vendor.url" value="https://adoptium.net/"/>
    <property name="user.timezone" value="Europe/Prague"/>
    <property name="logging.initial-configurator.min-level" value="500"/>
    <property name="os.name" value="Linux"/>
    <property name="java.vm.specification.version" value="17"/>
    <property name="sun.java.launcher" value="SUN_STANDARD"/>
    <property name="user.country" value="US"/>
    <property name="groovy.use.classvalue" value="false"/>
    <property name="sun.boot.library.path" value="/home/mvavrik/.sdkman/candidates/java/17.0.7-tem/lib"/>
    <property name="sun.java.command" value="/home/mvavrik/Downloads/tmp/oidc-provider-extension/custom-provider/deployment/target/surefire/surefirebooter-20230720110334717_3.jar /home/mvavrik/Downloads/tmp/oidc-provider-extension/custom-provider/deployment/target/surefire 2023-07-20T11-03-33_227-jvmRun1 surefire-20230720110334717_1tmp surefire_0-20230720110334717_2tmp"/>
    <property name="jdk.debug" value="release"/>
    <property name="maven.home" value="/home/mvavrik/.sdkman/candidates/maven/current"/>
    <property name="surefire.test.class.path" value="/home/mvavrik/Downloads/tmp/oidc-provider-extension/custom-provider/deployment/target/test-classes:/home/mvavrik/Downloads/tmp/oidc-provider-extension/custom-provider/deployment/target/classes:/home/mvavrik/.m2/repository/io/quarkus/quarkus-arc-deployment/999-SNAPSHOT/quarkus-arc-deployment-999-SNAPSHOT.jar:/home/mvavrik/.m2/repository/io/quarkus/quarkus-core-deployment/999-SNAPSHOT/quarkus-core-deployment-999-SNAPSHOT.jar:/home/mvavrik/.m2/repository/org/aesh/readline/2.4/readline-2.4.jar:/home/mvavrik/.m2/repository/org/fusesource/jansi/jansi/2.4.0/jansi-2.4.0.jar:/home/mvavrik/.m2/repository/org/aesh/aesh/2.7/aesh-2.7.jar:/home/mvavrik/.m2/repository/org/apache/commons/commons-lang3/3.12.0/commons-lang3-3.12.0.jar:/home/mvavrik/.m2/repository/org/wildfly/common/wildfly-common/1.5.4.Final-format-001/wildfly-common-1.5.4.Final-format-001.jar:/home/mvavrik/.m2/repository/io/quarkus/gizmo/gizmo/1.6.1.Final/gizmo-1.6.1.Final.jar:/home/mvavrik/.m2/repository/org/ow2/asm/asm-util/9.5/asm-util-9.5.jar:/home/mvavrik/.m2/repository/org/ow2/asm/asm-analysis/9.5/asm-analysis-9.5.jar:/home/mvavrik/.m2/repository/io/smallrye/jandex/3.1.2/jandex-3.1.2.jar:/home/mvavrik/.m2/repository/org/ow2/asm/asm/9.5/asm-9.5.jar:/home/mvavrik/.m2/repository/org/ow2/asm/asm-commons/9.5/asm-commons-9.5.jar:/home/mvavrik/.m2/repository/org/ow2/asm/asm-tree/9.5/asm-tree-9.5.jar:/home/mvavrik/.m2/repository/io/quarkus/quarkus-development-mode-spi/999-SNAPSHOT/quarkus-development-mode-spi-999-SNAPSHOT.jar:/home/mvavrik/.m2/repository/io/quarkus/quarkus-class-change-agent/999-SNAPSHOT/quarkus-class-change-agent-999-SNAPSHOT.jar:/home/mvavrik/.m2/repository/io/quarkus/quarkus-bootstrap-core/999-SNAPSHOT/quarkus-bootstrap-core-999-SNAPSHOT.jar:/home/mvavrik/.m2/repository/io/quarkus/quarkus-bootstrap-app-model/999-SNAPSHOT/quarkus-bootstrap-app-model-999-SNAPSHOT.jar:/home/mvavrik/.m2/repository/io/smallrye/common/smallrye-common-io/2.1.0/smallrye-common-io-2.1.0.jar:/home/mvavrik/.m2/repository/org/eclipse/sisu/org.eclipse.sisu.inject/0.3.5/org.eclipse.sisu.inject-0.3.5.jar:/home/mvavrik/.m2/repository/io/quarkus/quarkus-builder/999-SNAPSHOT/quarkus-builder-999-SNAPSHOT.jar:/home/mvavrik/.m2/repository/org/graalvm/sdk/graal-sdk/22.3.2/graal-sdk-22.3.2.jar:/home/mvavrik/.m2/repository/org/junit/platform/junit-platform-launcher/1.9.3/junit-platform-launcher-1.9.3.jar:/home/mvavrik/.m2/repository/org/junit/jupiter/junit-jupiter/5.9.3/junit-jupiter-5.9.3.jar:/home/mvavrik/.m2/repository/io/quarkus/quarkus-smallrye-context-propagation-spi/999-SNAPSHOT/quarkus-smallrye-context-propagation-spi-999-SNAPSHOT.jar:/home/mvavrik/.m2/repository/org/eclipse/microprofile/context-propagation/microprofile-context-propagation-api/1.3/microprofile-context-propagation-api-1.3.jar:/home/mvavrik/.m2/repository/io/quarkus/quarkus-vertx-http-dev-console-spi/999-SNAPSHOT/quarkus-vertx-http-dev-console-spi-999-SNAPSHOT.jar:/home/mvavrik/.m2/repository/io/quarkus/quarkus-vertx-http-dev-console-runtime-spi/999-SNAPSHOT/quarkus-vertx-http-dev-console-runtime-spi-999-SNAPSHOT.jar:/home/mvavrik/.m2/repository/io/quarkus/arc/arc/999-SNAPSHOT/arc-999-SNAPSHOT.jar:/home/mvavrik/.m2/repository/jakarta/transaction/jakarta.transaction-api/2.0.1/jakarta.transaction-api-2.0.1.jar:/home/mvavrik/.m2/repository/io/smallrye/reactive/mutiny/2.3.1/mutiny-2.3.1.jar:/home/mvavrik/.m2/repository/io/vertx/vertx-web/4.4.4/vertx-web-4.4.4.jar:/home/mvavrik/.m2/repository/io/vertx/vertx-web-common/4.4.4/vertx-web-common-4.4.4.jar:/home/mvavrik/.m2/repository/io/vertx/vertx-auth-common/4.4.4/vertx-auth-common-4.4.4.jar:/home/mvavrik/.m2/repository/io/vertx/vertx-bridge-common/4.4.4/vertx-bridge-common-4.4.4.jar:/home/mvavrik/.m2/repository/io/vertx/vertx-core/4.4.4/vertx-core-4.4.4.jar:/home/mvavrik/.m2/repository/io/netty/netty-common/4.1.94.Final/netty-common-4.1.94.Final.jar:/home/mvavrik/.m2/repository/io/netty/netty-buffer/4.1.94.Final/netty-buffer-4.1.94.Final.jar:/home/mvavrik/.m2/repository/io/netty/netty-transport/4.1.94.Final/netty-transport-4.1.94.Final.jar:/home/mvavrik/.m2/repository/io/netty/netty-handler/4.1.94.Final/netty-handler-4.1.94.Final.jar:/home/mvavrik/.m2/repository/io/netty/netty-transport-native-unix-common/4.1.94.Final/netty-transport-native-unix-common-4.1.94.Final.jar:/home/mvavrik/.m2/repository/io/netty/netty-handler-proxy/4.1.94.Final/netty-handler-proxy-4.1.94.Final.jar:/home/mvavrik/.m2/repository/io/netty/netty-codec-socks/4.1.94.Final/netty-codec-socks-4.1.94.Final.jar:/home/mvavrik/.m2/repository/io/netty/netty-codec-http/4.1.94.Final/netty-codec-http-4.1.94.Final.jar:/home/mvavrik/.m2/repository/io/netty/netty-codec-http2/4.1.94.Final/netty-codec-http2-4.1.94.Final.jar:/home/mvavrik/.m2/repository/io/netty/netty-resolver/4.1.94.Final/netty-resolver-4.1.94.Final.jar:/home/mvavrik/.m2/repository/io/netty/netty-resolver-dns/4.1.94.Final/netty-resolver-dns-4.1.94.Final.jar:/home/mvavrik/.m2/repository/io/netty/netty-codec-dns/4.1.94.Final/netty-codec-dns-4.1.94.Final.jar:/home/mvavrik/.m2/repository/io/quarkus/quarkus-vertx-http-dev-ui-spi/999-SNAPSHOT/quarkus-vertx-http-dev-ui-spi-999-SNAPSHOT.jar:/home/mvavrik/.m2/repository/io/quarkus/quarkus-arc/999-SNAPSHOT/quarkus-arc-999-SNAPSHOT.jar:/home/mvavrik/.m2/repository/io/quarkus/arc/arc-processor/999-SNAPSHOT/arc-processor-999-SNAPSHOT.jar:/home/mvavrik/.m2/repository/org/jboss/logging/jboss-logging/3.5.1.Final/jboss-logging-3.5.1.Final.jar:/home/mvavrik/.m2/repository/jakarta/annotation/jakarta.annotation-api/2.1.1/jakarta.annotation-api-2.1.1.jar:/home/mvavrik/.m2/repository/io/quarkus/quarkus-oidc-deployment/999-SNAPSHOT/quarkus-oidc-deployment-999-SNAPSHOT.jar:/home/mvavrik/.m2/repository/io/quarkus/quarkus-vertx-http-deployment/999-SNAPSHOT/quarkus-vertx-http-deployment-999-SNAPSHOT.jar:/home/mvavrik/.m2/repository/io/quarkus/quarkus-vertx-http/999-SNAPSHOT/quarkus-vertx-http-999-SNAPSHOT.jar:/home/mvavrik/.m2/repository/io/quarkus/quarkus-credentials/999-SNAPSHOT/quarkus-credentials-999-SNAPSHOT.jar:/home/mvavrik/.m2/repository/io/quarkus/quarkus-mutiny/999-SNAPSHOT/quarkus-mutiny-999-SNAPSHOT.jar:/home/mvavrik/.m2/repository/io/quarkus/quarkus-smallrye-context-propagation/999-SNAPSHOT/quarkus-smallrye-context-propagation-999-SNAPSHOT.jar:/home/mvavrik/.m2/repository/io/smallrye/smallrye-context-propagation/2.1.0/smallrye-context-propagation-2.1.0.jar:/home/mvavrik/.m2/repository/io/smallrye/smallrye-context-propagation-api/2.1.0/smallrye-context-propagation-api-2.1.0.jar:/home/mvavrik/.m2/repository/io/smallrye/smallrye-context-propagation-storage/2.1.0/smallrye-context-propagation-storage-2.1.0.jar:/home/mvavrik/.m2/repository/io/smallrye/reactive/mutiny-smallrye-context-propagation/2.3.1/mutiny-smallrye-context-propagation-2.3.1.jar:/home/mvavrik/.m2/repository/io/smallrye/common/smallrye-common-vertx-context/2.1.0/smallrye-common-vertx-context-2.1.0.jar:/home/mvavrik/.m2/repository/io/smallrye/common/smallrye-common-constraint/2.1.0/smallrye-common-constraint-2.1.0.jar:/home/mvavrik/.m2/repository/io/quarkus/security/quarkus-security/2.0.2.Final/quarkus-security-2.0.2.Final.jar:/home/mvavrik/.m2/repository/io/smallrye/reactive/smallrye-mutiny-vertx-web/3.5.0/smallrye-mutiny-vertx-web-3.5.0.jar:/home/mvavrik/.m2/repository/io/smallrye/reactive/smallrye-mutiny-vertx-web-common/3.5.0/smallrye-mutiny-vertx-web-common-3.5.0.jar:/home/mvavrik/.m2/repository/io/smallrye/reactive/smallrye-mutiny-vertx-auth-common/3.5.0/smallrye-mutiny-vertx-auth-common-3.5.0.jar:/home/mvavrik/.m2/repository/io/smallrye/reactive/smallrye-mutiny-vertx-bridge-common/3.5.0/smallrye-mutiny-vertx-bridge-common-3.5.0.jar:/home/mvavrik/.m2/repository/io/smallrye/reactive/smallrye-mutiny-vertx-uri-template/3.5.0/smallrye-mutiny-vertx-uri-template-3.5.0.jar:/home/mvavrik/.m2/repository/io/vertx/vertx-uri-template/4.4.4/vertx-uri-template-4.4.4.jar:/home/mvavrik/.m2/repository/io/github/crac/org-crac/0.1.3/org-crac-0.1.3.jar:/home/mvavrik/.m2/repository/io/quarkus/quarkus-vertx-http-deployment-spi/999-SNAPSHOT/quarkus-vertx-http-deployment-spi-999-SNAPSHOT.jar:/home/mvavrik/.m2/repository/io/quarkus/quarkus-mutiny-deployment/999-SNAPSHOT/quarkus-mutiny-deployment-999-SNAPSHOT.jar:/home/mvavrik/.m2/repository/io/quarkus/quarkus-smallrye-context-propagation-deployment/999-SNAPSHOT/quarkus-smallrye-context-propagation-deployment-999-SNAPSHOT.jar:/home/mvavrik/.m2/repository/io/quarkus/quarkus-kubernetes-spi/999-SNAPSHOT/quarkus-kubernetes-spi-999-SNAPSHOT.jar:/home/mvavrik/.m2/repository/io/quarkus/quarkus-vertx-http-dev-ui-resources/999-SNAPSHOT/quarkus-vertx-http-dev-ui-resources-999-SNAPSHOT.jar:/home/mvavrik/.m2/repository/org/mvnpm/at/vaadin/router/1.7.5/router-1.7.5.jar:/home/mvavrik/.m2/repository/org/mvnpm/path-to-regexp/2.4.0/path-to-regexp-2.4.0.jar:/home/mvavrik/.m2/repository/org/mvnpm/at/vaadin/app-layout/24.1.3/app-layout-24.1.3.jar:/home/mvavrik/.m2/repository/org/mvnpm/at/vaadin/a11y-base/24.1.3/a11y-base-24.1.3.jar:/home/mvavrik/.m2/repository/org/mvnpm/at/vaadin/avatar-group/24.1.3/avatar-group-24.1.3.jar:/home/mvavrik/.m2/repository/org/mvnpm/at/vaadin/icons/24.1.3/icons-24.1.3.jar:/home/mvavrik/.m2/repository/org/mvnpm/at/vaadin/login/24.1.3/login-24.1.3.jar:/home/mvavrik/.m2/repository/org/mvnpm/at/vaadin/integer-field/24.1.3/integer-field-24.1.3.jar:/home/mvavrik/.m2/repository/org/mvnpm/at/vaadin/accordion/24.1.3/accordion-24.1.3.jar:/home/mvavrik/.m2/repository/org/mvnpm/at/vaadin/avatar/24.1.3/avatar-24.1.3.jar:/home/mvavrik/.m2/repository/org/mvnpm/at/vaadin/horizontal-layout/24.1.3/horizontal-layout-24.1.3.jar:/home/mvavrik/.m2/repository/org/mvnpm/at/vaadin/button/24.1.3/button-24.1.3.jar:/home/mvavrik/.m2/repository/org/mvnpm/at/vaadin/combo-box/24.1.3/combo-box-24.1.3.jar:/home/mvavrik/.m2/repository/org/mvnpm/at/vaadin/confirm-dialog/24.1.3/confirm-dialog-24.1.3.jar:/home/mvavrik/.m2/repository/org/mvnpm/at/vaadin/checkbox/24.1.3/checkbox-24.1.3.jar:/home/mvavrik/.m2/repository/org/mvnpm/at/vaadin/checkbox-group/24.1.3/checkbox-group-24.1.3.jar:/home/mvavrik/.m2/repository/org/mvnpm/at/vaadin/component-base/24.1.3/component-base-24.1.3.jar:/home/mvavrik/.m2/repository/org/mvnpm/at/vaadin/context-menu/24.1.3/context-menu-24.1.3.jar:/home/mvavrik/.m2/repository/org/mvnpm/at/vaadin/custom-field/24.1.3/custom-field-24.1.3.jar:/home/mvavrik/.m2/repository/org/mvnpm/at/vaadin/date-picker/24.1.3/date-picker-24.1.3.jar:/home/mvavrik/.m2/repository/org/mvnpm/at/vaadin/date-time-picker/24.1.3/date-time-picker-24.1.3.jar:/home/mvavrik/.m2/repository/org/mvnpm/at/vaadin/time-picker/24.1.3/time-picker-24.1.3.jar:/home/mvavrik/.m2/repository/org/mvnpm/at/vaadin/details/24.1.3/details-24.1.3.jar:/home/mvavrik/.m2/repository/org/mvnpm/at/vaadin/dialog/24.1.3/dialog-24.1.3.jar:/home/mvavrik/.m2/repository/org/mvnpm/at/vaadin/email-field/24.1.3/email-field-24.1.3.jar:/home/mvavrik/.m2/repository/org/mvnpm/at/vaadin/password-field/24.1.3/password-field-24.1.3.jar:/home/mvavrik/.m2/repository/org/mvnpm/at/vaadin/number-field/24.1.3/number-field-24.1.3.jar:/home/mvavrik/.m2/repository/org/mvnpm/at/vaadin/field-base/24.1.3/field-base-24.1.3.jar:/home/mvavrik/.m2/repository/org/mvnpm/at/vaadin/grid/24.1.3/grid-24.1.3.jar:/home/mvavrik/.m2/repository/org/mvnpm/at/vaadin/input-container/24.1.3/input-container-24.1.3.jar:/home/mvavrik/.m2/repository/org/mvnpm/at/vaadin/item/24.1.3/item-24.1.3.jar:/home/mvavrik/.m2/repository/org/mvnpm/at/vaadin/list-box/24.1.3/list-box-24.1.3.jar:/home/mvavrik/.m2/repository/org/mvnpm/at/vaadin/lit-renderer/24.1.3/lit-renderer-24.1.3.jar:/home/mvavrik/.m2/repository/org/mvnpm/at/vaadin/menu-bar/24.1.3/menu-bar-24.1.3.jar:/home/mvavrik/.m2/repository/org/mvnpm/at/vaadin/message-list/24.1.3/message-list-24.1.3.jar:/home/mvavrik/.m2/repository/org/mvnpm/at/vaadin/message-input/24.1.3/message-input-24.1.3.jar:/home/mvavrik/.m2/repository/org/mvnpm/at/vaadin/multi-select-combo-box/24.1.3/multi-select-combo-box-24.1.3.jar:/home/mvavrik/.m2/repository/org/mvnpm/at/vaadin/radio-group/24.1.3/radio-group-24.1.3.jar:/home/mvavrik/.m2/repository/org/mvnpm/at/vaadin/overlay/24.1.3/overlay-24.1.3.jar:/home/mvavrik/.m2/repository/org/mvnpm/at/vaadin/progress-bar/24.1.3/progress-bar-24.1.3.jar:/home/mvavrik/.m2/repository/org/mvnpm/at/vaadin/split-layout/24.1.3/split-layout-24.1.3.jar:/home/mvavrik/.m2/repository/org/mvnpm/at/vaadin/text-area/24.1.3/text-area-24.1.3.jar:/home/mvavrik/.m2/repository/org/mvnpm/at/vaadin/tooltip/24.1.3/tooltip-24.1.3.jar:/home/mvavrik/.m2/repository/org/mvnpm/at/vaadin/vaadin-material-styles/24.1.3/vaadin-material-styles-24.1.3.jar:/home/mvavrik/.m2/repository/org/mvnpm/at/vaadin/vaadin-themable-mixin/24.1.3/vaadin-themable-mixin-24.1.3.jar:/home/mvavrik/.m2/repository/org/mvnpm/at/vaadin/vertical-layout/24.1.3/vertical-layout-24.1.3.jar:/home/mvavrik/.m2/repository/org/mvnpm/at/vaadin/tabs/24.1.3/tabs-24.1.3.jar:/home/mvavrik/.m2/repository/org/mvnpm/at/vaadin/scroller/24.1.3/scroller-24.1.3.jar:/home/mvavrik/.m2/repository/org/mvnpm/at/vaadin/text-field/24.1.3/text-field-24.1.3.jar:/home/mvavrik/.m2/repository/org/mvnpm/at/vaadin/form-layout/24.1.3/form-layout-24.1.3.jar:/home/mvavrik/.m2/repository/org/mvnpm/at/vaadin/tabsheet/24.1.3/tabsheet-24.1.3.jar:/home/mvavrik/.m2/repository/org/mvnpm/at/vaadin/select/24.1.3/select-24.1.3.jar:/home/mvavrik/.m2/repository/org/mvnpm/at/vaadin/notification/24.1.3/notification-24.1.3.jar:/home/mvavrik/.m2/repository/org/mvnpm/at/vaadin/upload/24.1.3/upload-24.1.3.jar:/home/mvavrik/.m2/repository/org/mvnpm/at/vaadin/virtual-list/24.1.3/virtual-list-24.1.3.jar:/home/mvavrik/.m2/repository/org/mvnpm/at/vaadin/icon/24.1.3/icon-24.1.3.jar:/home/mvavrik/.m2/repository/org/mvnpm/at/vaadin/vaadin-lumo-styles/24.1.3/vaadin-lumo-styles-24.1.3.jar:/home/mvavrik/.m2/repository/org/mvnpm/at/vaadin/vaadin-usage-statistics/2.1.2/vaadin-usage-statistics-2.1.2.jar:/home/mvavrik/.m2/repository/org/mvnpm/at/vaadin/vaadin-development-mode-detector/2.0.6/vaadin-development-mode-detector-2.0.6.jar:/home/mvavrik/.m2/repository/org/mvnpm/at/polymer/polymer/3.5.1/polymer-3.5.1.jar:/home/mvavrik/.m2/repository/org/mvnpm/at/webcomponents/shadycss/1.11.2/shadycss-1.11.2.jar:/home/mvavrik/.m2/repository/org/mvnpm/at/open-wc/dedupe-mixin/1.3.1/dedupe-mixin-1.3.1.jar:/home/mvavrik/.m2/repository/org/mvnpm/lit/2.7.6/lit-2.7.6.jar:/home/mvavrik/.m2/repository/org/mvnpm/at/lit/reactive-element/1.6.2/reactive-element-1.6.2.jar:/home/mvavrik/.m2/repository/org/mvnpm/lit-element/3.3.2/lit-element-3.3.2.jar:/home/mvavrik/.m2/repository/org/mvnpm/lit-html/2.7.5/lit-html-2.7.5.jar:/home/mvavrik/.m2/repository/org/mvnpm/at/lit-labs/ssr-dom-shim/1.1.1/ssr-dom-shim-1.1.1.jar:/home/mvavrik/.m2/repository/org/mvnpm/at/types/trusted-types/2.0.3/trusted-types-2.0.3.jar:/home/mvavrik/.m2/repository/org/mvnpm/lit-element-state/1.7.0/lit-element-state-1.7.0.jar:/home/mvavrik/.m2/repository/org/mvnpm/echarts/5.4.2/echarts-5.4.2.jar:/home/mvavrik/.m2/repository/org/mvnpm/tslib/2.3.0/tslib-2.3.0.jar:/home/mvavrik/.m2/repository/org/mvnpm/zrender/5.4.3/zrender-5.4.3.jar:/home/mvavrik/.m2/repository/org/mvnpm/at/vanillawc/wc-codemirror/2.1.0/wc-codemirror-2.1.0.jar:/home/mvavrik/.m2/repository/org/mvnpm/es-module-shims/1.7.3/es-module-shims-1.7.3.jar:/home/mvavrik/.m2/repository/org/mvnpm/importmap/1.0.8/importmap-1.0.8.jar:/home/mvavrik/.m2/repository/io/quarkus/qute/qute-core/999-SNAPSHOT/qute-core-999-SNAPSHOT.jar:/home/mvavrik/.m2/repository/org/yaml/snakeyaml/2.0/snakeyaml-2.0.jar:/home/mvavrik/.m2/repository/com/fasterxml/jackson/core/jackson-databind/2.15.2/jackson-databind-2.15.2.jar:/home/mvavrik/.m2/repository/com/fasterxml/jackson/core/jackson-annotations/2.15.2/jackson-annotations-2.15.2.jar:/home/mvavrik/.m2/repository/io/quarkus/quarkus-vertx-deployment/999-SNAPSHOT/quarkus-vertx-deployment-999-SNAPSHOT.jar:/home/mvavrik/.m2/repository/io/quarkus/quarkus-netty-deployment/999-SNAPSHOT/quarkus-netty-deployment-999-SNAPSHOT.jar:/home/mvavrik/.m2/repository/io/quarkus/quarkus-netty/999-SNAPSHOT/quarkus-netty-999-SNAPSHOT.jar:/home/mvavrik/.m2/repository/io/netty/netty-codec/4.1.94.Final/netty-codec-4.1.94.Final.jar:/home/mvavrik/.m2/repository/com/aayushatharva/brotli4j/brotli4j/1.12.0/brotli4j-1.12.0.jar:/home/mvavrik/.m2/repository/com/aayushatharva/brotli4j/service/1.12.0/service-1.12.0.jar:/home/mvavrik/.m2/repository/com/aayushatharva/brotli4j/native-linux-x86_64/1.12.0/native-linux-x86_64-1.12.0.jar:/home/mvavrik/.m2/repository/io/quarkus/quarkus-vertx/999-SNAPSHOT/quarkus-vertx-999-SNAPSHOT.jar:/home/mvavrik/.m2/repository/io/netty/netty-codec-haproxy/4.1.94.Final/netty-codec-haproxy-4.1.94.Final.jar:/home/mvavrik/.m2/repository/io/smallrye/common/smallrye-common-annotation/2.1.0/smallrye-common-annotation-2.1.0.jar:/home/mvavrik/.m2/repository/io/quarkus/quarkus-vertx-latebound-mdc-provider/999-SNAPSHOT/quarkus-vertx-latebound-mdc-provider-999-SNAPSHOT.jar:/home/mvavrik/.m2/repository/io/smallrye/reactive/smallrye-mutiny-vertx-core/3.5.0/smallrye-mutiny-vertx-core-3.5.0.jar:/home/mvavrik/.m2/repository/io/smallrye/reactive/smallrye-mutiny-vertx-runtime/3.5.0/smallrye-mutiny-vertx-runtime-3.5.0.jar:/home/mvavrik/.m2/repository/io/smallrye/reactive/vertx-mutiny-generator/3.5.0/vertx-mutiny-generator-3.5.0.jar:/home/mvavrik/.m2/repository/io/vertx/vertx-codegen/4.4.4/vertx-codegen-4.4.4.jar:/home/mvavrik/.m2/repository/io/smallrye/smallrye-fault-tolerance-vertx/6.2.4/smallrye-fault-tolerance-vertx-6.2.4.jar:/home/mvavrik/.m2/repository/io/quarkus/quarkus-oidc/999-SNAPSHOT/quarkus-oidc-999-SNAPSHOT.jar:/home/mvavrik/.m2/repository/io/quarkus/quarkus-security/999-SNAPSHOT/quarkus-security-999-SNAPSHOT.jar:/home/mvavrik/.m2/repository/io/quarkus/quarkus-jsonp/999-SNAPSHOT/quarkus-jsonp-999-SNAPSHOT.jar:/home/mvavrik/.m2/repository/org/eclipse/parsson/parsson/1.1.2/parsson-1.1.2.jar:/home/mvavrik/.m2/repository/jakarta/json/jakarta.json-api/2.1.2/jakarta.json-api-2.1.2.jar:/home/mvavrik/.m2/repository/io/quarkus/quarkus-oidc-common/999-SNAPSHOT/quarkus-oidc-common-999-SNAPSHOT.jar:/home/mvavrik/.m2/repository/io/smallrye/reactive/smallrye-mutiny-vertx-web-client/3.5.0/smallrye-mutiny-vertx-web-client-3.5.0.jar:/home/mvavrik/.m2/repository/io/vertx/vertx-web-client/4.4.4/vertx-web-client-4.4.4.jar:/home/mvavrik/.m2/repository/io/quarkus/quarkus-smallrye-jwt-build/999-SNAPSHOT/quarkus-smallrye-jwt-build-999-SNAPSHOT.jar:/home/mvavrik/.m2/repository/io/smallrye/smallrye-jwt-build/4.3.0/smallrye-jwt-build-4.3.0.jar:/home/mvavrik/.m2/repository/io/smallrye/smallrye-jwt/4.3.0/smallrye-jwt-4.3.0.jar:/home/mvavrik/.m2/repository/org/eclipse/microprofile/config/microprofile-config-api/3.0.3/microprofile-config-api-3.0.3.jar:/home/mvavrik/.m2/repository/org/eclipse/microprofile/jwt/microprofile-jwt-auth-api/2.1/microprofile-jwt-auth-api-2.1.jar:/home/mvavrik/.m2/repository/org/bitbucket/b_c/jose4j/0.9.3/jose4j-0.9.3.jar:/home/mvavrik/.m2/repository/io/smallrye/smallrye-jwt-common/4.3.0/smallrye-jwt-common-4.3.0.jar:/home/mvavrik/.m2/repository/io/quarkus/quarkus-oidc-common-deployment/999-SNAPSHOT/quarkus-oidc-common-deployment-999-SNAPSHOT.jar:/home/mvavrik/.m2/repository/io/quarkus/quarkus-credentials-deployment/999-SNAPSHOT/quarkus-credentials-deployment-999-SNAPSHOT.jar:/home/mvavrik/.m2/repository/io/quarkus/quarkus-smallrye-jwt-build-deployment/999-SNAPSHOT/quarkus-smallrye-jwt-build-deployment-999-SNAPSHOT.jar:/home/mvavrik/.m2/repository/io/quarkus/quarkus-security-deployment/999-SNAPSHOT/quarkus-security-deployment-999-SNAPSHOT.jar:/home/mvavrik/.m2/repository/io/quarkus/quarkus-security-runtime-spi/999-SNAPSHOT/quarkus-security-runtime-spi-999-SNAPSHOT.jar:/home/mvavrik/.m2/repository/io/quarkus/quarkus-security-spi/999-SNAPSHOT/quarkus-security-spi-999-SNAPSHOT.jar:/home/mvavrik/.m2/repository/io/quarkus/quarkus-devservices-deployment/999-SNAPSHOT/quarkus-devservices-deployment-999-SNAPSHOT.jar:/home/mvavrik/.m2/repository/io/quarkus/quarkus-devservices-common/999-SNAPSHOT/quarkus-devservices-common-999-SNAPSHOT.jar:/home/mvavrik/.m2/repository/io/quarkus/quarkus-jsonp-deployment/999-SNAPSHOT/quarkus-jsonp-deployment-999-SNAPSHOT.jar:/home/mvavrik/.m2/repository/org/keycloak/keycloak-core/22.0.0/keycloak-core-22.0.0.jar:/home/mvavrik/.m2/repository/org/keycloak/keycloak-common/22.0.0/keycloak-common-22.0.0.jar:/home/mvavrik/.m2/repository/com/fasterxml/jackson/core/jackson-core/2.15.2/jackson-core-2.15.2.jar:/home/mvavrik/.m2/repository/org/eclipse/angus/angus-activation/2.0.1/angus-activation-2.0.1.jar:/home/mvavrik/.m2/repository/jakarta/activation/jakarta.activation-api/2.1.2/jakarta.activation-api-2.1.2.jar:/home/mvavrik/.m2/repository/org/testcontainers/testcontainers/1.18.3/testcontainers-1.18.3.jar:/home/mvavrik/.m2/repository/org/slf4j/slf4j-api/2.0.6/slf4j-api-2.0.6.jar:/home/mvavrik/.m2/repository/org/apache/commons/commons-compress/1.23.0/commons-compress-1.23.0.jar:/home/mvavrik/.m2/repository/org/rnorth/duct-tape/duct-tape/1.0.8/duct-tape-1.0.8.jar:/home/mvavrik/.m2/repository/org/jetbrains/annotations/24.0.1/annotations-24.0.1.jar:/home/mvavrik/.m2/repository/com/github/docker-java/docker-java-api/3.3.0/docker-java-api-3.3.0.jar:/home/mvavrik/.m2/repository/com/github/docker-java/docker-java-transport-zerodep/3.3.0/docker-java-transport-zerodep-3.3.0.jar:/home/mvavrik/.m2/repository/com/github/docker-java/docker-java-transport/3.3.0/docker-java-transport-3.3.0.jar:/home/mvavrik/.m2/repository/net/java/dev/jna/jna/5.8.0/jna-5.8.0.jar:/home/mvavrik/.m2/repository/io/quarkus/quarkus-junit4-mock/999-SNAPSHOT/quarkus-junit4-mock-999-SNAPSHOT.jar:/home/mvavrik/Downloads/tmp/oidc-provider-extension/custom-provider/runtime/target/custom-provider-1.0.0-SNAPSHOT.jar:/home/mvavrik/.m2/repository/io/quarkus/quarkus-junit5-internal/999-SNAPSHOT/quarkus-junit5-internal-999-SNAPSHOT.jar:/home/mvavrik/.m2/repository/org/jboss/shrinkwrap/shrinkwrap-api/1.2.6/shrinkwrap-api-1.2.6.jar:/home/mvavrik/.m2/repository/org/jboss/shrinkwrap/shrinkwrap-spi/1.2.6/shrinkwrap-spi-1.2.6.jar:/home/mvavrik/.m2/repository/org/jboss/shrinkwrap/shrinkwrap-impl-base/1.2.6/shrinkwrap-impl-base-1.2.6.jar:/home/mvavrik/.m2/repository/org/junit/jupiter/junit-jupiter-api/5.9.3/junit-jupiter-api-5.9.3.jar:/home/mvavrik/.m2/repository/org/opentest4j/opentest4j/1.2.0/opentest4j-1.2.0.jar:/home/mvavrik/.m2/repository/org/junit/platform/junit-platform-commons/1.9.3/junit-platform-commons-1.9.3.jar:/home/mvavrik/.m2/repository/org/apiguardian/apiguardian-api/1.1.2/apiguardian-api-1.1.2.jar:/home/mvavrik/.m2/repository/org/junit/jupiter/junit-jupiter-params/5.9.3/junit-jupiter-params-5.9.3.jar:/home/mvavrik/.m2/repository/org/junit/jupiter/junit-jupiter-engine/5.9.3/junit-jupiter-engine-5.9.3.jar:/home/mvavrik/.m2/repository/org/junit/platform/junit-platform-engine/1.9.3/junit-platform-engine-1.9.3.jar:/home/mvavrik/.m2/repository/io/quarkus/quarkus-core/999-SNAPSHOT/quarkus-core-999-SNAPSHOT.jar:/home/mvavrik/.m2/repository/jakarta/inject/jakarta.inject-api/2.0.1/jakarta.inject-api-2.0.1.jar:/home/mvavrik/.m2/repository/io/smallrye/common/smallrye-common-os/2.1.0/smallrye-common-os-2.1.0.jar:/home/mvavrik/.m2/repository/io/quarkus/quarkus-ide-launcher/999-SNAPSHOT/quarkus-ide-launcher-999-SNAPSHOT.jar:/home/mvavrik/.m2/repository/io/smallrye/config/smallrye-config/3.3.0/smallrye-config-3.3.0.jar:/home/mvavrik/.m2/repository/io/smallrye/config/smallrye-config-core/3.3.0/smallrye-config-core-3.3.0.jar:/home/mvavrik/.m2/repository/io/smallrye/common/smallrye-common-expression/2.1.0/smallrye-common-expression-2.1.0.jar:/home/mvavrik/.m2/repository/io/smallrye/common/smallrye-common-function/2.1.0/smallrye-common-function-2.1.0.jar:/home/mvavrik/.m2/repository/io/smallrye/common/smallrye-common-classloader/2.1.0/smallrye-common-classloader-2.1.0.jar:/home/mvavrik/.m2/repository/io/smallrye/config/smallrye-config-common/3.3.0/smallrye-config-common-3.3.0.jar:/home/mvavrik/.m2/repository/org/jboss/logmanager/jboss-logmanager-embedded/1.1.1/jboss-logmanager-embedded-1.1.1.jar:/home/mvavrik/.m2/repository/org/jboss/logging/jboss-logging-annotations/2.2.1.Final/jboss-logging-annotations-2.2.1.Final.jar:/home/mvavrik/.m2/repository/org/jboss/threads/jboss-threads/3.5.0.Final/jboss-threads-3.5.0.Final.jar:/home/mvavrik/.m2/repository/org/jboss/slf4j/slf4j-jboss-logmanager/2.0.0.Final/slf4j-jboss-logmanager-2.0.0.Final.jar:/home/mvavrik/.m2/repository/io/quarkus/quarkus-bootstrap-runner/999-SNAPSHOT/quarkus-bootstrap-runner-999-SNAPSHOT.jar:/home/mvavrik/.m2/repository/io/quarkus/quarkus-fs-util/0.0.9/quarkus-fs-util-0.0.9.jar:/home/mvavrik/.m2/repository/io/quarkus/quarkus-test-common/999-SNAPSHOT/quarkus-test-common-999-SNAPSHOT.jar:/home/mvavrik/.m2/repository/io/quarkus/quarkus-bootstrap-maven-resolver/999-SNAPSHOT/quarkus-bootstrap-maven-resolver-999-SNAPSHOT.jar:/home/mvavrik/.m2/repository/io/smallrye/beanbag/smallrye-beanbag-maven/1.3.2/smallrye-beanbag-maven-1.3.2.jar:/home/mvavrik/.m2/repository/io/smallrye/beanbag/smallrye-beanbag-sisu/1.3.2/smallrye-beanbag-sisu-1.3.2.jar:/home/mvavrik/.m2/repository/io/smallrye/beanbag/smallrye-beanbag/1.3.2/smallrye-beanbag-1.3.2.jar:/home/mvavrik/.m2/repository/commons-codec/commons-codec/1.16.0/commons-codec-1.16.0.jar:/home/mvavrik/.m2/repository/javax/inject/javax.inject/1/javax.inject-1.jar:/home/mvavrik/.m2/repository/org/apache/httpcomponents/httpclient/4.5.14/httpclient-4.5.14.jar:/home/mvavrik/.m2/repository/org/apache/httpcomponents/httpcore/4.4.16/httpcore-4.4.16.jar:/home/mvavrik/.m2/repository/org/apache/maven/maven-artifact/3.9.3/maven-artifact-3.9.3.jar:/home/mvavrik/.m2/repository/org/apache/maven/maven-builder-support/3.9.3/maven-builder-support-3.9.3.jar:/home/mvavrik/.m2/repository/org/apache/maven/maven-model/3.9.3/maven-model-3.9.3.jar:/home/mvavrik/.m2/repository/org/apache/maven/maven-model-builder/3.9.3/maven-model-builder-3.9.3.jar:/home/mvavrik/.m2/repository/org/apache/maven/maven-repository-metadata/3.9.3/maven-repository-metadata-3.9.3.jar:/home/mvavrik/.m2/repository/org/apache/maven/maven-settings/3.9.3/maven-settings-3.9.3.jar:/home/mvavrik/.m2/repository/org/apache/maven/resolver/maven-resolver-api/1.9.13/maven-resolver-api-1.9.13.jar:/home/mvavrik/.m2/repository/org/apache/maven/resolver/maven-resolver-impl/1.9.13/maven-resolver-impl-1.9.13.jar:/home/mvavrik/.m2/repository/org/apache/maven/resolver/maven-resolver-named-locks/1.9.13/maven-resolver-named-locks-1.9.13.jar:/home/mvavrik/.m2/repository/org/apache/maven/resolver/maven-resolver-spi/1.9.13/maven-resolver-spi-1.9.13.jar:/home/mvavrik/.m2/repository/org/apache/maven/resolver/maven-resolver-util/1.9.13/maven-resolver-util-1.9.13.jar:/home/mvavrik/.m2/repository/org/apache/maven/resolver/maven-resolver-transport-http/1.9.10/maven-resolver-transport-http-1.9.10.jar:/home/mvavrik/.m2/repository/org/apache/maven/wagon/wagon-provider-api/3.5.3/wagon-provider-api-3.5.3.jar:/home/mvavrik/.m2/repository/org/apache/maven/wagon/wagon-http-shared/3.5.3/wagon-http-shared-3.5.3.jar:/home/mvavrik/.m2/repository/org/codehaus/plexus/plexus-interpolation/1.26/plexus-interpolation-1.26.jar:/home/mvavrik/.m2/repository/org/codehaus/plexus/plexus-utils/3.5.1/plexus-utils-3.5.1.jar:/home/mvavrik/.m2/repository/org/codehaus/plexus/plexus-xml/4.0.0/plexus-xml-4.0.0.jar:/home/mvavrik/.m2/repository/org/apache/maven/maven-xml-impl/4.0.0-alpha-5/maven-xml-impl-4.0.0-alpha-5.jar:/home/mvavrik/.m2/repository/org/apache/maven/maven-api-xml/4.0.0-alpha-5/maven-api-xml-4.0.0-alpha-5.jar:/home/mvavrik/.m2/repository/org/apache/maven/maven-api-meta/4.0.0-alpha-5/maven-api-meta-4.0.0-alpha-5.jar:/home/mvavrik/.m2/repository/org/codehaus/plexus/plexus-cipher/2.0/plexus-cipher-2.0.jar:/home/mvavrik/.m2/repository/org/codehaus/plexus/plexus-sec-dispatcher/2.0/plexus-sec-dispatcher-2.0.jar:/home/mvavrik/.m2/repository/org/apache/maven/maven-embedder/3.9.3/maven-embedder-3.9.3.jar:/home/mvavrik/.m2/repository/org/apache/maven/maven-core/3.9.3/maven-core-3.9.3.jar:/home/mvavrik/.m2/repository/org/codehaus/plexus/plexus-component-annotations/2.1.0/plexus-component-annotations-2.1.0.jar:/home/mvavrik/.m2/repository/org/apache/maven/maven-plugin-api/3.9.3/maven-plugin-api-3.9.3.jar:/home/mvavrik/.m2/repository/org/apache/maven/shared/maven-shared-utils/3.3.4/maven-shared-utils-3.3.4.jar:/home/mvavrik/.m2/repository/com/google/inject/guice/5.1.0/guice-5.1.0.jar:/home/mvavrik/.m2/repository/aopalliance/aopalliance/1.0/aopalliance-1.0.jar:/home/mvavrik/.m2/repository/com/google/guava/guava/32.1.1-jre/guava-32.1.1-jre.jar:/home/mvavrik/.m2/repository/com/google/guava/failureaccess/1.0.1/failureaccess-1.0.1.jar:/home/mvavrik/.m2/repository/javax/annotation/javax.annotation-api/1.3.2/javax.annotation-api-1.3.2.jar:/home/mvavrik/.m2/repository/org/codehaus/plexus/plexus-classworlds/2.6.0/plexus-classworlds-2.6.0.jar:/home/mvavrik/.m2/repository/commons-cli/commons-cli/1.5.0/commons-cli-1.5.0.jar:/home/mvavrik/.m2/repository/org/eclipse/sisu/org.eclipse.sisu.plexus/0.3.5/org.eclipse.sisu.plexus-0.3.5.jar:/home/mvavrik/.m2/repository/org/apache/maven/maven-settings-builder/3.9.3/maven-settings-builder-3.9.3.jar:/home/mvavrik/.m2/repository/org/apache/maven/maven-resolver-provider/3.9.3/maven-resolver-provider-3.9.3.jar:/home/mvavrik/.m2/repository/org/apache/maven/resolver/maven-resolver-connector-basic/1.9.13/maven-resolver-connector-basic-1.9.13.jar:/home/mvavrik/.m2/repository/org/apache/maven/resolver/maven-resolver-transport-wagon/1.9.13/maven-resolver-transport-wagon-1.9.13.jar:/home/mvavrik/.m2/repository/org/apache/maven/wagon/wagon-http/3.5.3/wagon-http-3.5.3.jar:/home/mvavrik/.m2/repository/org/apache/maven/wagon/wagon-file/3.5.3/wagon-file-3.5.3.jar:/home/mvavrik/.m2/repository/io/quarkus/quarkus-bootstrap-gradle-resolver/999-SNAPSHOT/quarkus-bootstrap-gradle-resolver-999-SNAPSHOT.jar:/home/mvavrik/.m2/repository/commons-io/commons-io/2.13.0/commons-io-2.13.0.jar:/home/mvavrik/.m2/repository/org/jboss/logging/commons-logging-jboss-logging/1.0.0.Final/commons-logging-jboss-logging-1.0.0.Final.jar:/home/mvavrik/.m2/repository/jakarta/enterprise/jakarta.enterprise.cdi-api/4.0.1/jakarta.enterprise.cdi-api-4.0.1.jar:/home/mvavrik/.m2/repository/jakarta/enterprise/jakarta.enterprise.lang-model/4.0.1/jakarta.enterprise.lang-model-4.0.1.jar:/home/mvavrik/.m2/repository/jakarta/el/jakarta.el-api/5.0.1/jakarta.el-api-5.0.1.jar:/home/mvavrik/.m2/repository/jakarta/interceptor/jakarta.interceptor-api/2.1.0/jakarta.interceptor-api-2.1.0.jar:/home/mvavrik/.m2/repository/io/quarkus/quarkus-devtools-utilities/999-SNAPSHOT/quarkus-devtools-utilities-999-SNAPSHOT.jar:/home/mvavrik/.m2/repository/org/awaitility/awaitility/4.2.0/awaitility-4.2.0.jar:/home/mvavrik/.m2/repository/org/hamcrest/hamcrest/2.1/hamcrest-2.1.jar:"/>
    <property name="sun.cpu.endian" value="little"/>
    <property name="vertx.disableWebsockets" value="true"/>
    <property name="user.home" value="/home/mvavrik"/>
    <property name="user.language" value="en"/>
    <property name="jboss.log-version" value="false"/>
    <property name="vertxweb.environment" value="dev"/>
    <property name="java.specification.vendor" value="Oracle Corporation"/>
    <property name="io.netty.allocator.maxOrder" value="3"/>
    <property name="java.version.date" value="2023-04-18"/>
    <property name="java.home" value="/home/mvavrik/.sdkman/candidates/java/17.0.7-tem"/>
    <property name="file.separator" value="/"/>
    <property name="maven.repo" value="/home/mvavrik/.m2/repository"/>
    <property name="style.color" value="always"/>
    <property name="basedir" value="/home/mvavrik/Downloads/tmp/oidc-provider-extension/custom-provider/deployment"/>
    <property name="java.vm.compressedOopsMode" value="Zero based"/>
    <property name="line.separator" value="&#10;"/>
    <property name="java.specification.name" value="Java Platform API Specification"/>
    <property name="java.vm.specification.vendor" value="Oracle Corporation"/>
    <property name="java.nio.channels.DefaultThreadPool.threadFactory" value="io.quarkus.dev.io.NioThreadPoolThreadFactory"/>
    <property name="surefire.real.class.path" value="/home/mvavrik/Downloads/tmp/oidc-provider-extension/custom-provider/deployment/target/surefire/surefirebooter-20230720110334717_3.jar"/>
    <property name="sun.management.compiler" value="HotSpot 64-Bit Tiered Compilers"/>
    <property name="java.runtime.version" value="17.0.7+7"/>
    <property name="user.name" value="mvavrik"/>
    <property name="path.separator" value=":"/>
    <property name="os.version" value="6.3.12-200.fc38.x86_64"/>
    <property name="java.runtime.name" value="OpenJDK Runtime Environment"/>
    <property name="file.encoding" value="UTF-8"/>
    <property name="java.vm.name" value="OpenJDK 64-Bit Server VM"/>
    <property name="java.vendor.version" value="Temurin-17.0.7+7"/>
    <property name="localRepository" value="/home/mvavrik/.m2/repository"/>
    <property name="java.vendor.url.bug" value="https://github.com/adoptium/adoptium-support/issues"/>
    <property name="java.io.tmpdir" value="/tmp"/>
    <property name="quarkus.log.file.path" value="target/target/quarkus.log"/>
    <property name="java.version" value="17.0.7"/>
    <property name="java.util.concurrent.ForkJoinPool.common.threadFactory" value="io.quarkus.bootstrap.forkjoin.QuarkusForkJoinWorkerThreadFactory"/>
    <property name="user.dir" value="/home/mvavrik/Downloads/tmp/oidc-provider-extension/custom-provider/deployment"/>
    <property name="os.arch" value="amd64"/>
    <property name="java.vm.specification.name" value="Java Virtual Machine Specification"/>
    <property name="vertx.disableDnsResolver" value="true"/>
    <property name="native.encoding" value="UTF-8"/>
    <property name="java.util.logging.manager" value="org.jboss.logmanager.LogManager"/>
    <property name="java.library.path" value="/usr/java/packages/lib:/usr/lib64:/lib64:/lib:/usr/lib"/>
    <property name="java.vm.info" value="mixed mode, sharing"/>
    <property name="java.vendor" value="Eclipse Adoptium"/>
    <property name="vertx.disableTCCL" value="true"/>
    <property name="java.vm.version" value="17.0.7+7"/>
    <property name="sun.io.unicode.encoding" value="UnicodeLittle"/>
    <property name="io.netty.machineId" value="64:59:d0:4b:c4:d5:5d:df"/>
    <property name="java.class.version" value="61.0"/>
  </properties>
  <testcase name="writeYourOwnDevModeTest" classname="io.quarkus.test.custom.provider.test.CustomProviderDevModeTest" time="13.612">
    <system-out><![CDATA[&amp#27;[94mTests paused&amp#27;[39m
2023-07-20 11:03:49,591 WARN  [io.qua.boo.BootstrapAppModelFactory] (main) Expected project directory /tmp/quarkus-dev-mode-test15764212836512686609 does not match current project directory /home/mvavrik/Downloads/tmp/oidc-provider-extension/custom-provider/deployment
2023-07-20 11:03:50,795 INFO  [org.tes.doc.DockerClientProviderStrategy] (build-41) Loaded org.testcontainers.dockerclient.UnixSocketClientProviderStrategy from ~/.testcontainers.properties, will try it first
2023-07-20 11:03:50,952 INFO  [org.tes.doc.DockerClientProviderStrategy] (build-41) Found Docker environment with local Unix socket (unix:///var/run/docker.sock)
2023-07-20 11:03:50,953 INFO  [org.tes.DockerClientFactory] (build-41) Docker host IP address is localhost
2023-07-20 11:03:50,966 INFO  [org.tes.DockerClientFactory] (build-41) Connected to docker: 
  Server Version: 24.0.4
  API Version: 1.43
  Operating System: Fedora Linux 38 (Cinnamon)
  Total Memory: 31838 MB
2023-07-20 11:03:50,978 INFO  [org.tes.uti.ImageNameSubstitutor] (build-41) Image name substitution will be performed by: DefaultImageNameSubstitutor (composite of 'ConfigurationFileImageNameSubstitutor' and 'PrefixingImageNameSubstitutor')
2023-07-20 11:03:50,980 INFO  [org.tes.DockerClientFactory] (build-41) Checking the system...
2023-07-20 11:03:50,981 INFO  [org.tes.DockerClientFactory] (build-41) ✔︎ Docker server version should be at least 1.6.0
2023-07-20 11:03:51,004 INFO  [io.qua.oid.dep.dev.key.KeycloakDevServicesProcessor] (build-41) Using Quarkus powered Keycloak distribution
2023-07-20 11:03:51,091 INFO  [tc.qua.io/.0.0] (build-41) Creating container for image: quay.io/keycloak/keycloak:22.0.0
2023-07-20 11:03:51,102 INFO  [tc.tes.5.1] (build-41) Creating container for image: testcontainers/ryuk:0.5.1
2023-07-20 11:03:51,224 INFO  [tc.tes.5.1] (build-41) Container testcontainers/ryuk:0.5.1 is starting: 11dae84d53ac711772d9a9441dd2b3fee95e1aa54e55a598193ddf77a9f4c9f3
2023-07-20 11:03:51,535 INFO  [tc.tes.5.1] (build-41) Container testcontainers/ryuk:0.5.1 started in PT0.433083145S
2023-07-20 11:03:51,572 INFO  [tc.qua.io/.0.0] (build-41) Container quay.io/keycloak/keycloak:22.0.0 is starting: 61591fc2aab1e1daa482b36bd6f95364a2108dc619685d29fe0654cfbb37f90e
2023-07-20 11:03:59,773 INFO  [tc.qua.io/.0.0] (build-41) Container quay.io/keycloak/keycloak:22.0.0 started in PT8.768265491S
2023-07-20 11:04:01,496 INFO  [io.qua.oid.dep.dev.key.KeycloakDevServicesProcessor] (build-41) Dev Services for Keycloak started.
2023-07-20 11:04:02,903 INFO  [io.quarkus] (Quarkus Main Thread) custom-provider-deployment 1.0.0-SNAPSHOT on JVM (powered by Quarkus 999-SNAPSHOT) started in 13.044s. Listening on: http://localhost:8080
2023-07-20 11:04:02,905 INFO  [io.quarkus] (Quarkus Main Thread) Profile dev activated. Live Coding activated.
2023-07-20 11:04:02,906 INFO  [io.quarkus] (Quarkus Main Thread) Installed features: [cdi, custom-provider, oidc, security, smallrye-context-propagation, vertx]
2023-07-20 11:04:02,914 INFO  [io.quarkus] (Quarkus Main Thread) custom-provider-deployment stopped in 0.005s
]]></system-out>
  </testcase>
</testsuite>